2025-04-11 14:18:01.137 [INFO] [background-preinit] [] [o.h.validator.internal.util.Version] - HV000001: Hibernate Validator 8.0.1.Final
2025-04-11 14:18:01.172 [INFO] [main] [] [server.photo.PhotoApplication] - Starting PhotoApplication using Java 17.0.14 with PID 2632 (/Users/soljeong/Desktop/ourhood/build/classes/java/main started by soljeong in /Users/soljeong/Desktop/ourhood)
2025-04-11 14:18:01.173 [INFO] [main] [] [server.photo.PhotoApplication] - No active profile set, falling back to 1 default profile: "local"
2025-04-11 14:18:01.747 [INFO] [main] [] [o.s.d.r.c.RepositoryConfigurationDelegate] - Bootstrapping Spring Data JPA repositories in DEFAULT mode.
2025-04-11 14:18:01.808 [INFO] [main] [] [o.s.d.r.c.RepositoryConfigurationDelegate] - Finished Spring Data repository scanning in 54 ms. Found 7 JPA repository interfaces.
2025-04-11 14:18:02.257 [INFO] [main] [] [o.s.b.w.e.tomcat.TomcatWebServer] - Tomcat initialized with port 8080 (http)
2025-04-11 14:18:02.272 [INFO] [main] [] [o.a.coyote.http11.Http11NioProtocol] - Initializing ProtocolHandler ["http-nio-8080"]
2025-04-11 14:18:02.274 [INFO] [main] [] [o.a.catalina.core.StandardService] - Starting service [Tomcat]
2025-04-11 14:18:02.274 [INFO] [main] [] [o.a.catalina.core.StandardEngine] - Starting Servlet engine: [Apache Tomcat/10.1.25]
2025-04-11 14:18:02.321 [INFO] [main] [] [o.a.c.c.C.[Tomcat].[localhost].[/]] - Initializing Spring embedded WebApplicationContext
2025-04-11 14:18:02.321 [INFO] [main] [] [o.s.b.w.s.c.ServletWebServerApplicationContext] - Root WebApplicationContext: initialization completed in 1114 ms
2025-04-11 14:18:02.487 [INFO] [main] [] [o.h.jpa.internal.util.LogHelper] - HHH000204: Processing PersistenceUnitInfo [name: default]
2025-04-11 14:18:02.538 [INFO] [main] [] [org.hibernate.Version] - HHH000412: Hibernate ORM core version 6.5.2.Final
2025-04-11 14:18:02.565 [INFO] [main] [] [o.h.c.i.RegionFactoryInitiator] - HHH000026: Second-level cache disabled
2025-04-11 14:18:02.806 [INFO] [main] [] [o.s.o.j.p.SpringPersistenceUnitInfo] - No LoadTimeWeaver setup: ignoring JPA class transformer
2025-04-11 14:18:02.826 [INFO] [main] [] [com.zaxxer.hikari.HikariDataSource] - HikariPool-1 - Starting...
2025-04-11 14:18:02.973 [INFO] [main] [] [com.zaxxer.hikari.pool.HikariPool] - HikariPool-1 - Added connection com.mysql.cj.jdbc.ConnectionImpl@1dfe5dd1
2025-04-11 14:18:02.981 [INFO] [main] [] [com.zaxxer.hikari.HikariDataSource] - HikariPool-1 - Start completed.
2025-04-11 14:18:03.771 [INFO] [main] [] [o.h.e.t.j.p.i.JtaPlatformInitiator] - HHH000489: No JTA platform available (set 'hibernate.transaction.jta.platform' to enable JTA platform integration)
2025-04-11 14:18:03.813 [INFO] [main] [] [p6spy] - #1744348683813 | took 32ms | statement | connection 1| url jdbc:mysql://localhost:3306/ourhood?serverTimezone=UTC&useSSL=false&allowPublicKeyRetrieval=true
alter table comment drop foreign key FKe3u56wnnwa51hxl0uv4tti6s0
alter table comment drop foreign key FKe3u56wnnwa51hxl0uv4tti6s0;
2025-04-11 14:18:03.819 [INFO] [main] [] [p6spy] - #1744348683819 | took 5ms | statement | connection 1| url jdbc:mysql://localhost:3306/ourhood?serverTimezone=UTC&useSSL=false&allowPublicKeyRetrieval=true
alter table comment drop foreign key FKqm52p1v3o13hy268he0wcngr5
alter table comment drop foreign key FKqm52p1v3o13hy268he0wcngr5;
2025-04-11 14:18:03.823 [INFO] [main] [] [p6spy] - #1744348683823 | took 4ms | statement | connection 1| url jdbc:mysql://localhost:3306/ourhood?serverTimezone=UTC&useSSL=false&allowPublicKeyRetrieval=true
alter table invitation drop foreign key FKavi2fi9lmo714suxatx5fmhid
alter table invitation drop foreign key FKavi2fi9lmo714suxatx5fmhid;
2025-04-11 14:18:03.826 [INFO] [main] [] [p6spy] - #1744348683826 | took 2ms | statement | connection 1| url jdbc:mysql://localhost:3306/ourhood?serverTimezone=UTC&useSSL=false&allowPublicKeyRetrieval=true
alter table invitation drop foreign key FKs81mf5o97gfb55r5vbov80r5m
alter table invitation drop foreign key FKs81mf5o97gfb55r5vbov80r5m;
2025-04-11 14:18:03.830 [INFO] [main] [] [p6spy] - #1744348683830 | took 3ms | statement | connection 1| url jdbc:mysql://localhost:3306/ourhood?serverTimezone=UTC&useSSL=false&allowPublicKeyRetrieval=true
alter table join_request drop foreign key FKcmypluwmokhqhxygqls686ar3
alter table join_request drop foreign key FKcmypluwmokhqhxygqls686ar3;
2025-04-11 14:18:03.833 [INFO] [main] [] [p6spy] - #1744348683833 | took 3ms | statement | connection 1| url jdbc:mysql://localhost:3306/ourhood?serverTimezone=UTC&useSSL=false&allowPublicKeyRetrieval=true
alter table join_request drop foreign key FKp89moml11gm189idwqk8h5av1
alter table join_request drop foreign key FKp89moml11gm189idwqk8h5av1;
2025-04-11 14:18:03.837 [INFO] [main] [] [p6spy] - #1744348683837 | took 3ms | statement | connection 1| url jdbc:mysql://localhost:3306/ourhood?serverTimezone=UTC&useSSL=false&allowPublicKeyRetrieval=true
alter table moment drop foreign key FKoxrnqhc115gknud6p4o86n01p
alter table moment drop foreign key FKoxrnqhc115gknud6p4o86n01p;
2025-04-11 14:18:03.840 [INFO] [main] [] [p6spy] - #1744348683840 | took 2ms | statement | connection 1| url jdbc:mysql://localhost:3306/ourhood?serverTimezone=UTC&useSSL=false&allowPublicKeyRetrieval=true
alter table room_members drop foreign key FK76lf284bb0baceybfd2gi50rl
alter table room_members drop foreign key FK76lf284bb0baceybfd2gi50rl;
2025-04-11 14:18:03.843 [INFO] [main] [] [p6spy] - #1744348683843 | took 2ms | statement | connection 1| url jdbc:mysql://localhost:3306/ourhood?serverTimezone=UTC&useSSL=false&allowPublicKeyRetrieval=true
alter table room_members drop foreign key FKmcymqhedxe30d98p07eeqo3my
alter table room_members drop foreign key FKmcymqhedxe30d98p07eeqo3my;
2025-04-11 14:18:03.845 [INFO] [main] [] [p6spy] - #1744348683845 | took 2ms | statement | connection 1| url jdbc:mysql://localhost:3306/ourhood?serverTimezone=UTC&useSSL=false&allowPublicKeyRetrieval=true
drop table if exists comment
drop table if exists comment;
2025-04-11 14:18:03.848 [INFO] [main] [] [p6spy] - #1744348683848 | took 2ms | statement | connection 1| url jdbc:mysql://localhost:3306/ourhood?serverTimezone=UTC&useSSL=false&allowPublicKeyRetrieval=true
drop table if exists invitation
drop table if exists invitation;
2025-04-11 14:18:03.849 [INFO] [main] [] [p6spy] - #1744348683849 | took 1ms | statement | connection 1| url jdbc:mysql://localhost:3306/ourhood?serverTimezone=UTC&useSSL=false&allowPublicKeyRetrieval=true
drop table if exists join_request
drop table if exists join_request;
2025-04-11 14:18:03.851 [INFO] [main] [] [p6spy] - #1744348683851 | took 1ms | statement | connection 1| url jdbc:mysql://localhost:3306/ourhood?serverTimezone=UTC&useSSL=false&allowPublicKeyRetrieval=true
drop table if exists moment
drop table if exists moment;
2025-04-11 14:18:03.853 [INFO] [main] [] [p6spy] - #1744348683853 | took 1ms | statement | connection 1| url jdbc:mysql://localhost:3306/ourhood?serverTimezone=UTC&useSSL=false&allowPublicKeyRetrieval=true
drop table if exists refresh_token
drop table if exists refresh_token;
2025-04-11 14:18:03.855 [INFO] [main] [] [p6spy] - #1744348683855 | took 1ms | statement | connection 1| url jdbc:mysql://localhost:3306/ourhood?serverTimezone=UTC&useSSL=false&allowPublicKeyRetrieval=true
drop table if exists room
drop table if exists room;
2025-04-11 14:18:03.857 [INFO] [main] [] [p6spy] - #1744348683857 | took 1ms | statement | connection 1| url jdbc:mysql://localhost:3306/ourhood?serverTimezone=UTC&useSSL=false&allowPublicKeyRetrieval=true
drop table if exists room_members
drop table if exists room_members;
2025-04-11 14:18:03.859 [INFO] [main] [] [p6spy] - #1744348683859 | took 1ms | statement | connection 1| url jdbc:mysql://localhost:3306/ourhood?serverTimezone=UTC&useSSL=false&allowPublicKeyRetrieval=true
drop table if exists users
drop table if exists users;
2025-04-11 14:18:03.866 [INFO] [main] [] [p6spy] - #1744348683866 | took 3ms | statement | connection 2| url jdbc:mysql://localhost:3306/ourhood?serverTimezone=UTC&useSSL=false&allowPublicKeyRetrieval=true
create table comment (comment_id bigint not null auto_increment, created_at datetime(6) not null, moment_id bigint, updated_at datetime(6), user_id bigint, content varchar(255), primary key (comment_id)) engine=InnoDB
create table comment (comment_id bigint not null auto_increment, created_at datetime(6) not null, moment_id bigint, updated_at datetime(6), user_id bigint, content varchar(255), primary key (comment_id)) engine=InnoDB;
2025-04-11 14:18:03.869 [INFO] [main] [] [p6spy] - #1744348683869 | took 2ms | statement | connection 2| url jdbc:mysql://localhost:3306/ourhood?serverTimezone=UTC&useSSL=false&allowPublicKeyRetrieval=true
create table invitation (created_at datetime(6) not null, invitation_id bigint not null auto_increment, room_id bigint, updated_at datetime(6), user_id bigint, primary key (invitation_id)) engine=InnoDB
create table invitation (created_at datetime(6) not null, invitation_id bigint not null auto_increment, room_id bigint, updated_at datetime(6), user_id bigint, primary key (invitation_id)) engine=InnoDB;
2025-04-11 14:18:03.872 [INFO] [main] [] [p6spy] - #1744348683872 | took 2ms | statement | connection 2| url jdbc:mysql://localhost:3306/ourhood?serverTimezone=UTC&useSSL=false&allowPublicKeyRetrieval=true
create table join_request (created_at datetime(6) not null, join_request_id bigint not null auto_increment, room_id bigint, updated_at datetime(6), user_id bigint, primary key (join_request_id)) engine=InnoDB
create table join_request (created_at datetime(6) not null, join_request_id bigint not null auto_increment, room_id bigint, updated_at datetime(6), user_id bigint, primary key (join_request_id)) engine=InnoDB;
2025-04-11 14:18:03.875 [INFO] [main] [] [p6spy] - #1744348683875 | took 2ms | statement | connection 2| url jdbc:mysql://localhost:3306/ourhood?serverTimezone=UTC&useSSL=false&allowPublicKeyRetrieval=true
create table moment (created_at datetime(6) not null, moment_id bigint not null auto_increment, room_id bigint, updated_at datetime(6), user_id bigint, image_url varchar(255), moment_description varchar(255), primary key (moment_id)) engine=InnoDB
create table moment (created_at datetime(6) not null, moment_id bigint not null auto_increment, room_id bigint, updated_at datetime(6), user_id bigint, image_url varchar(255), moment_description varchar(255), primary key (moment_id)) engine=InnoDB;
2025-04-11 14:18:03.877 [INFO] [main] [] [p6spy] - #1744348683877 | took 2ms | statement | connection 2| url jdbc:mysql://localhost:3306/ourhood?serverTimezone=UTC&useSSL=false&allowPublicKeyRetrieval=true
create table refresh_token (expiration datetime(6), refresh_token_id bigint not null auto_increment, email varchar(255), refresh varchar(255), primary key (refresh_token_id)) engine=InnoDB
create table refresh_token (expiration datetime(6), refresh_token_id bigint not null auto_increment, email varchar(255), refresh varchar(255), primary key (refresh_token_id)) engine=InnoDB;
2025-04-11 14:18:03.880 [INFO] [main] [] [p6spy] - #1744348683880 | took 3ms | statement | connection 2| url jdbc:mysql://localhost:3306/ourhood?serverTimezone=UTC&useSSL=false&allowPublicKeyRetrieval=true
create table room (created_at datetime(6) not null, host_id bigint, room_id bigint not null auto_increment, updated_at datetime(6), room_description varchar(255), room_name varchar(255), thumbnail_image varchar(255), primary key (room_id)) engine=InnoDB
create table room (created_at datetime(6) not null, host_id bigint, room_id bigint not null auto_increment, updated_at datetime(6), room_description varchar(255), room_name varchar(255), thumbnail_image varchar(255), primary key (room_id)) engine=InnoDB;
2025-04-11 14:18:03.883 [INFO] [main] [] [p6spy] - #1744348683883 | took 2ms | statement | connection 2| url jdbc:mysql://localhost:3306/ourhood?serverTimezone=UTC&useSSL=false&allowPublicKeyRetrieval=true
create table room_members (created_at datetime(6) not null, room_id bigint, room_members_id bigint not null auto_increment, updated_at datetime(6), user_id bigint, primary key (room_members_id)) engine=InnoDB
create table room_members (created_at datetime(6) not null, room_id bigint, room_members_id bigint not null auto_increment, updated_at datetime(6), user_id bigint, primary key (room_members_id)) engine=InnoDB;
2025-04-11 14:18:03.886 [INFO] [main] [] [p6spy] - #1744348683886 | took 2ms | statement | connection 2| url jdbc:mysql://localhost:3306/ourhood?serverTimezone=UTC&useSSL=false&allowPublicKeyRetrieval=true
create table users (created_at datetime(6) not null, updated_at datetime(6), user_id bigint not null auto_increment, email varchar(255), nickname varchar(255), password varchar(255), primary key (user_id)) engine=InnoDB
create table users (created_at datetime(6) not null, updated_at datetime(6), user_id bigint not null auto_increment, email varchar(255), nickname varchar(255), password varchar(255), primary key (user_id)) engine=InnoDB;
2025-04-11 14:18:03.891 [INFO] [main] [] [p6spy] - #1744348683891 | took 4ms | statement | connection 2| url jdbc:mysql://localhost:3306/ourhood?serverTimezone=UTC&useSSL=false&allowPublicKeyRetrieval=true
alter table users add constraint UK6dotkott2kjsp8vw4d0m25fb7 unique (email)
alter table users add constraint UK6dotkott2kjsp8vw4d0m25fb7 unique (email);
2025-04-11 14:18:03.894 [INFO] [main] [] [p6spy] - #1744348683894 | took 2ms | statement | connection 2| url jdbc:mysql://localhost:3306/ourhood?serverTimezone=UTC&useSSL=false&allowPublicKeyRetrieval=true
alter table users add constraint UK2ty1xmrrgtn89xt7kyxx6ta7h unique (nickname)
alter table users add constraint UK2ty1xmrrgtn89xt7kyxx6ta7h unique (nickname);
2025-04-11 14:18:03.906 [INFO] [main] [] [p6spy] - #1744348683906 | took 11ms | statement | connection 2| url jdbc:mysql://localhost:3306/ourhood?serverTimezone=UTC&useSSL=false&allowPublicKeyRetrieval=true
alter table comment add constraint FKe3u56wnnwa51hxl0uv4tti6s0 foreign key (moment_id) references moment (moment_id)
alter table comment add constraint FKe3u56wnnwa51hxl0uv4tti6s0 foreign key (moment_id) references moment (moment_id);
2025-04-11 14:18:03.915 [INFO] [main] [] [p6spy] - #1744348683915 | took 9ms | statement | connection 2| url jdbc:mysql://localhost:3306/ourhood?serverTimezone=UTC&useSSL=false&allowPublicKeyRetrieval=true
alter table comment add constraint FKqm52p1v3o13hy268he0wcngr5 foreign key (user_id) references users (user_id)
alter table comment add constraint FKqm52p1v3o13hy268he0wcngr5 foreign key (user_id) references users (user_id);
2025-04-11 14:18:03.923 [INFO] [main] [] [p6spy] - #1744348683923 | took 7ms | statement | connection 2| url jdbc:mysql://localhost:3306/ourhood?serverTimezone=UTC&useSSL=false&allowPublicKeyRetrieval=true
alter table invitation add constraint FKavi2fi9lmo714suxatx5fmhid foreign key (room_id) references room (room_id)
alter table invitation add constraint FKavi2fi9lmo714suxatx5fmhid foreign key (room_id) references room (room_id);
2025-04-11 14:18:03.933 [INFO] [main] [] [p6spy] - #1744348683933 | took 9ms | statement | connection 2| url jdbc:mysql://localhost:3306/ourhood?serverTimezone=UTC&useSSL=false&allowPublicKeyRetrieval=true
alter table invitation add constraint FKs81mf5o97gfb55r5vbov80r5m foreign key (user_id) references users (user_id)
alter table invitation add constraint FKs81mf5o97gfb55r5vbov80r5m foreign key (user_id) references users (user_id);
2025-04-11 14:18:03.942 [INFO] [main] [] [p6spy] - #1744348683942 | took 9ms | statement | connection 2| url jdbc:mysql://localhost:3306/ourhood?serverTimezone=UTC&useSSL=false&allowPublicKeyRetrieval=true
alter table join_request add constraint FKcmypluwmokhqhxygqls686ar3 foreign key (room_id) references room (room_id)
alter table join_request add constraint FKcmypluwmokhqhxygqls686ar3 foreign key (room_id) references room (room_id);
2025-04-11 14:18:03.954 [INFO] [main] [] [p6spy] - #1744348683953 | took 10ms | statement | connection 2| url jdbc:mysql://localhost:3306/ourhood?serverTimezone=UTC&useSSL=false&allowPublicKeyRetrieval=true
alter table join_request add constraint FKp89moml11gm189idwqk8h5av1 foreign key (user_id) references users (user_id)
alter table join_request add constraint FKp89moml11gm189idwqk8h5av1 foreign key (user_id) references users (user_id);
2025-04-11 14:18:03.963 [INFO] [main] [] [p6spy] - #1744348683963 | took 9ms | statement | connection 2| url jdbc:mysql://localhost:3306/ourhood?serverTimezone=UTC&useSSL=false&allowPublicKeyRetrieval=true
alter table moment add constraint FKoxrnqhc115gknud6p4o86n01p foreign key (room_id) references room (room_id)
alter table moment add constraint FKoxrnqhc115gknud6p4o86n01p foreign key (room_id) references room (room_id);
2025-04-11 14:18:03.975 [INFO] [main] [] [p6spy] - #1744348683975 | took 11ms | statement | connection 2| url jdbc:mysql://localhost:3306/ourhood?serverTimezone=UTC&useSSL=false&allowPublicKeyRetrieval=true
alter table room_members add constraint FK76lf284bb0baceybfd2gi50rl foreign key (room_id) references room (room_id)
alter table room_members add constraint FK76lf284bb0baceybfd2gi50rl foreign key (room_id) references room (room_id);
2025-04-11 14:18:03.986 [INFO] [main] [] [p6spy] - #1744348683986 | took 10ms | statement | connection 2| url jdbc:mysql://localhost:3306/ourhood?serverTimezone=UTC&useSSL=false&allowPublicKeyRetrieval=true
alter table room_members add constraint FKmcymqhedxe30d98p07eeqo3my foreign key (user_id) references users (user_id)
alter table room_members add constraint FKmcymqhedxe30d98p07eeqo3my foreign key (user_id) references users (user_id);
2025-04-11 14:18:03.989 [INFO] [main] [] [o.s.o.j.LocalContainerEntityManagerFactoryBean] - Initialized JPA EntityManagerFactory for persistence unit 'default'
2025-04-11 14:18:04.672 [INFO] [main] [] [o.s.s.c.a.a.c.InitializeUserDetailsBeanManagerConfigurer$InitializeUserDetailsManagerConfigurer] - Global AuthenticationManager configured with UserDetailsService bean with name customUserDetailsService
2025-04-11 14:18:05.005 [INFO] [main] [] [o.a.coyote.http11.Http11NioProtocol] - Starting ProtocolHandler ["http-nio-8080"]
2025-04-11 14:18:05.015 [INFO] [main] [] [o.s.b.w.e.tomcat.TomcatWebServer] - Tomcat started on port 8080 (http) with context path '/'
2025-04-11 14:18:05.023 [INFO] [main] [] [server.photo.PhotoApplication] - Started PhotoApplication in 4.314 seconds (process running for 4.934)
